# JRE version: Java(TM) SE Runtime Environment (17.0.12+8) (build 17.0.12+8-LTS-286)
# Java VM: Java HotSpot(TM) 64-Bit Server VM (17.0.12+8-LTS-286, mixed mode, sharing, tiered, compressed oops, compressed class ptrs, g1 gc, windows-amd64)
GC Precious Log:
 CPUs: 8 total, 8 available
 Memory: 12162M
 Large Page Support: Disabled
 NUMA Support: Disabled
 Compressed Oops: Enabled (Zero based)
 Heap Region Size: 4M
 Heap Min Capacity: 8M
 Heap Initial Capacity: 192M
 Heap Max Capacity: 8G
 Pre-touch: Disabled
 Parallel Workers: 8
 Concurrent Workers: 2
 Concurrent Refinement Workers: 8
 Periodic GC: Disabled
Heap:
 garbage-first heap   total 196608K, used 82001K [0x0000000600000000, 0x0000000800000000)
  region size 4096K, 2 young (8192K), 2 survivors (8192K)
 Metaspace       used 65734K, committed 66368K, reserved 1114112K
  class space    used 9438K, committed 9728K, reserved 1048576K
GC Heap History (20 events):
Event: 16.795 GC heap after
{Heap after GC invocations=16 (full 0):
 garbage-first heap   total 118784K, used 55732K [0x0000000600000000, 0x0000000800000000)
  region size 4096K, 2 young (8192K), 2 survivors (8192K)
 Metaspace       used 51432K, committed 52032K, reserved 1114112K
  class space    used 7413K, committed 7680K, reserved 1048576K
}
Event: 17.339 GC heap before
{Heap before GC invocations=16 (full 0):
 garbage-first heap   total 118784K, used 92596K [0x0000000600000000, 0x0000000800000000)
  region size 4096K, 11 young (45056K), 2 survivors (8192K)
 Metaspace       used 55001K, committed 55552K, reserved 1114112K
  class space    used 7890K, committed 8128K, reserved 1048576K
}
Event: 17.345 GC heap after
{Heap after GC invocations=17 (full 0):
 garbage-first heap   total 118784K, used 56638K [0x0000000600000000, 0x0000000800000000)
  region size 4096K, 1 young (4096K), 1 survivors (4096K)
 Metaspace       used 55001K, committed 55552K, reserved 1114112K
  class space    used 7890K, committed 8128K, reserved 1048576K
}
Event: 17.793 GC heap before
{Heap before GC invocations=17 (full 0):
 garbage-first heap   total 118784K, used 89406K [0x0000000600000000, 0x0000000800000000)
  region size 4096K, 9 young (36864K), 1 survivors (4096K)
 Metaspace       used 57363K, committed 58048K, reserved 1114112K
  class space    used 8194K, committed 8512K, reserved 1048576K
}
Event: 17.798 GC heap after
{Heap after GC invocations=18 (full 0):
 garbage-first heap   total 147456K, used 58076K [0x0000000600000000, 0x0000000800000000)
  region size 4096K, 1 young (4096K), 1 survivors (4096K)
 Metaspace       used 57363K, committed 58048K, reserved 1114112K
  class space    used 8194K, committed 8512K, reserved 1048576K
}
Event: 18.692 GC heap before
{Heap before GC invocations=19 (full 0):
 garbage-first heap   total 147456K, used 115420K [0x0000000600000000, 0x0000000800000000)
  region size 4096K, 15 young (61440K), 1 survivors (4096K)
 Metaspace       used 60381K, committed 61056K, reserved 1114112K
  class space    used 8621K, committed 8960K, reserved 1048576K
}
Event: 18.701 GC heap after
{Heap after GC invocations=20 (full 0):
 garbage-first heap   total 147456K, used 62418K [0x0000000600000000, 0x0000000800000000)
  region size 4096K, 2 young (8192K), 2 survivors (8192K)
 Metaspace       used 60381K, committed 61056K, reserved 1114112K
  class space    used 8621K, committed 8960K, reserved 1048576K
}
Event: 18.797 GC heap before
{Heap before GC invocations=20 (full 0):
 garbage-first heap   total 147456K, used 66514K [0x0000000600000000, 0x0000000800000000)
  region size 4096K, 3 young (12288K), 2 survivors (8192K)
 Metaspace       used 60657K, committed 61376K, reserved 1114112K
  class space    used 8663K, committed 9024K, reserved 1048576K
}
Event: 18.808 GC heap after
{Heap after GC invocations=21 (full 0):
 garbage-first heap   total 147456K, used 62707K [0x0000000600000000, 0x0000000800000000)
  region size 4096K, 1 young (4096K), 1 survivors (4096K)
 Metaspace       used 60657K, committed 61376K, reserved 1114112K
  class space    used 8663K, committed 9024K, reserved 1048576K
}
Event: 19.883 GC heap before
{Heap before GC invocations=21 (full 0):
 garbage-first heap   total 147456K, used 111859K [0x0000000600000000, 0x0000000800000000)
  region size 4096K, 13 young (53248K), 1 survivors (4096K)
 Metaspace       used 64111K, committed 64768K, reserved 1114112K
  class space    used 9268K, committed 9600K, reserved 1048576K
}
Event: 19.892 GC heap after
{Heap after GC invocations=22 (full 0):
 garbage-first heap   total 147456K, used 66112K [0x0000000600000000, 0x0000000800000000)
  region size 4096K, 2 young (8192K), 2 survivors (8192K)
 Metaspace       used 64111K, committed 64768K, reserved 1114112K
  class space    used 9268K, committed 9600K, reserved 1048576K
}
Event: 20.982 GC heap before
{Heap before GC invocations=22 (full 0):
 garbage-first heap   total 147456K, used 107072K [0x0000000600000000, 0x0000000800000000)
  region size 4096K, 13 young (53248K), 2 survivors (8192K)
 Metaspace       used 65140K, committed 65792K, reserved 1114112K
  class space    used 9369K, committed 9664K, reserved 1048576K
}
Event: 20.993 GC heap after
{Heap after GC invocations=23 (full 0):
 garbage-first heap   total 147456K, used 70797K [0x0000000600000000, 0x0000000800000000)
  region size 4096K, 2 young (8192K), 2 survivors (8192K)
 Metaspace       used 65140K, committed 65792K, reserved 1114112K
  class space    used 9369K, committed 9664K, reserved 1048576K
}
Event: 21.212 GC heap before
{Heap before GC invocations=23 (full 0):
 garbage-first heap   total 147456K, used 111757K [0x0000000600000000, 0x0000000800000000)
  region size 4096K, 12 young (49152K), 2 survivors (8192K)
 Metaspace       used 65303K, committed 65984K, reserved 1114112K
  class space    used 9372K, committed 9664K, reserved 1048576K
}
Event: 21.219 GC heap after
{Heap after GC invocations=24 (full 0):
 garbage-first heap   total 147456K, used 72537K [0x0000000600000000, 0x0000000800000000)
  region size 4096K, 1 young (4096K), 1 survivors (4096K)
 Metaspace       used 65303K, committed 65984K, reserved 1114112K
  class space    used 9372K, committed 9664K, reserved 1048576K
}
Event: 21.462 GC heap before
{Heap before GC invocations=24 (full 0):
 garbage-first heap   total 147456K, used 113497K [0x0000000600000000, 0x0000000800000000)
  region size 4096K, 12 young (49152K), 1 survivors (4096K)
 Metaspace       used 65357K, committed 65984K, reserved 1114112K
  class space    used 9373K, committed 9664K, reserved 1048576K
}
Event: 21.467 GC heap after
{Heap after GC invocations=25 (full 0):
 garbage-first heap   total 147456K, used 73697K [0x0000000600000000, 0x0000000800000000)
  region size 4096K, 2 young (8192K), 2 survivors (8192K)
 Metaspace       used 65357K, committed 65984K, reserved 1114112K
  class space    used 9373K, committed 9664K, reserved 1048576K
}
Event: 21.713 GC heap before
{Heap before GC invocations=26 (full 0):
 garbage-first heap   total 159744K, used 114657K [0x0000000600000000, 0x0000000800000000)
  region size 4096K, 12 young (49152K), 2 survivors (8192K)
 Metaspace       used 65359K, committed 65984K, reserved 1114112K
  class space    used 9373K, committed 9664K, reserved 1048576K
}
Event: 21.720 GC heap after
{Heap after GC invocations=27 (full 0):
 garbage-first heap   total 159744K, used 74852K [0x0000000600000000, 0x0000000800000000)
  region size 4096K, 2 young (8192K), 2 survivors (8192K)
 Metaspace       used 65359K, committed 65984K, reserved 1114112K
  class space    used 9373K, committed 9664K, reserved 1048576K
}
Event: 22.173 GC heap before
{Heap before GC invocations=27 (full 0):
 garbage-first heap   total 159744K, used 103524K [0x0000000600000000, 0x0000000800000000)
  region size 4096K, 10 young (40960K), 2 survivors (8192K)
 Metaspace       used 65734K, committed 66368K, reserved 1114112K
  class space    used 9438K, committed 9728K, reserved 1048576K
}

